-------------------------------------------------------------------------------
Test set: com.mycompany.online_medical_sales.beans.UserTest
-------------------------------------------------------------------------------
Tests run: 15, Failures: 11, Errors: 3, Skipped: 0, Time elapsed: 0.132 s <<< FAILURE! - in com.mycompany.online_medical_sales.beans.UserTest
testSetPassword  Time elapsed: 0.056 s  <<< FAILURE!
org.opentest4j.AssertionFailedError: The test case is a prototype.
	at com.mycompany.online_medical_sales.beans.UserTest.testSetPassword(UserTest.java:173)

testGetPassword  Time elapsed: 0.006 s  <<< FAILURE!
org.opentest4j.AssertionFailedError: expected: <> but was: <null>
	at com.mycompany.online_medical_sales.beans.UserTest.testGetPassword(UserTest.java:158)

testGetEmail  Time elapsed: 0.003 s  <<< FAILURE!
org.opentest4j.AssertionFailedError: expected: <> but was: <null>
	at com.mycompany.online_medical_sales.beans.UserTest.testGetEmail(UserTest.java:104)

testGetId  Time elapsed: 0.003 s  <<< FAILURE!
org.opentest4j.AssertionFailedError: The test case is a prototype.
	at com.mycompany.online_medical_sales.beans.UserTest.testGetId(UserTest.java:51)

testGetAddress  Time elapsed: 0.003 s  <<< FAILURE!
org.opentest4j.AssertionFailedError: expected: <> but was: <null>
	at com.mycompany.online_medical_sales.beans.UserTest.testGetAddress(UserTest.java:185)

testFetchname  Time elapsed: 0.002 s  <<< ERROR!
java.lang.NullPointerException: Cannot invoke "java.util.ArrayList.iterator()" because "userList" is null
	at com.mycompany.online_medical_sales.beans.UserTest.testFetchname(UserTest.java:245)

testGetName  Time elapsed: 0.002 s  <<< FAILURE!
org.opentest4j.AssertionFailedError: expected: <> but was: <null>
	at com.mycompany.online_medical_sales.beans.UserTest.testGetName(UserTest.java:77)

testFetchemail  Time elapsed: 0.002 s  <<< ERROR!
java.lang.NullPointerException: Cannot invoke "java.util.ArrayList.iterator()" because "userList" is null
	at com.mycompany.online_medical_sales.beans.UserTest.testFetchemail(UserTest.java:229)

testFetchadd  Time elapsed: 0.002 s  <<< ERROR!
java.lang.NullPointerException: Cannot invoke "java.util.ArrayList.iterator()" because "userList" is null
	at com.mycompany.online_medical_sales.beans.UserTest.testFetchadd(UserTest.java:213)

testSetUsername  Time elapsed: 0.002 s  <<< FAILURE!
org.opentest4j.AssertionFailedError: The test case is a prototype.
	at com.mycompany.online_medical_sales.beans.UserTest.testSetUsername(UserTest.java:146)

testSetAddress  Time elapsed: 0.004 s  <<< FAILURE!
org.opentest4j.AssertionFailedError: The test case is a prototype.
	at com.mycompany.online_medical_sales.beans.UserTest.testSetAddress(UserTest.java:200)

testGetUsername  Time elapsed: 0.002 s  <<< FAILURE!
org.opentest4j.AssertionFailedError: expected: <> but was: <null>
	at com.mycompany.online_medical_sales.beans.UserTest.testGetUsername(UserTest.java:131)

testSetName  Time elapsed: 0.003 s  <<< FAILURE!
org.opentest4j.AssertionFailedError: The test case is a prototype.
	at com.mycompany.online_medical_sales.beans.UserTest.testSetName(UserTest.java:92)

testSetEmail  Time elapsed: 0.002 s  <<< FAILURE!
org.opentest4j.AssertionFailedError: The test case is a prototype.
	at com.mycompany.online_medical_sales.beans.UserTest.testSetEmail(UserTest.java:119)

