<?xml version="1.0" encoding="UTF-8"?>
<testsuite xmlns:xsi="http://www.w3.org/2001/XMLSchema-instance" xsi:noNamespaceSchemaLocation="https://maven.apache.org/surefire/maven-surefire-plugin/xsd/surefire-test-report.xsd" name="com.mycompany.online_medical_sales.beans.UserTest" time="0.132" tests="15" errors="3" skipped="0" failures="11">
  <properties>
[...]
</properties>
  <testcase name="testSetPassword" classname="com.mycompany.online_medical_sales.beans.UserTest" time="0.056">
    <failure message="The test case is a prototype." type="org.opentest4j.AssertionFailedError">org.opentest4j.AssertionFailedError: The test case is a prototype.
	at com.mycompany.online_medical_sales.beans.UserTest.testSetPassword(UserTest.java:173)
</failure>
    <system-out><![CDATA[setPassword
]]></system-out>
  </testcase>
  <testcase name="testGetPassword" classname="com.mycompany.online_medical_sales.beans.UserTest" time="0.006">
    <failure message="expected: &lt;&gt; but was: &lt;null&gt;" type="org.opentest4j.AssertionFailedError"><![CDATA[org.opentest4j.AssertionFailedError: expected: <> but was: <null>
	at com.mycompany.online_medical_sales.beans.UserTest.testGetPassword(UserTest.java:158)
]]></failure>
    <system-out><![CDATA[getPassword
]]></system-out>
  </testcase>
  <testcase name="testGetEmail" classname="com.mycompany.online_medical_sales.beans.UserTest" time="0.003">
    <failure message="expected: &lt;&gt; but was: &lt;null&gt;" type="org.opentest4j.AssertionFailedError"><![CDATA[org.opentest4j.AssertionFailedError: expected: <> but was: <null>
	at com.mycompany.online_medical_sales.beans.UserTest.testGetEmail(UserTest.java:104)
]]></failure>
    <system-out><![CDATA[getEmail
]]></system-out>
  </testcase>
  <testcase name="testGetId" classname="com.mycompany.online_medical_sales.beans.UserTest" time="0.003">
    <failure message="The test case is a prototype." type="org.opentest4j.AssertionFailedError">org.opentest4j.AssertionFailedError: The test case is a prototype.
	at com.mycompany.online_medical_sales.beans.UserTest.testGetId(UserTest.java:51)
</failure>
    <system-out><![CDATA[getId
]]></system-out>
  </testcase>
  <testcase name="testSetId" classname="com.mycompany.online_medical_sales.beans.UserTest" time="0.002"/>
  <testcase name="testGetAddress" classname="com.mycompany.online_medical_sales.beans.UserTest" time="0.003">
    <failure message="expected: &lt;&gt; but was: &lt;null&gt;" type="org.opentest4j.AssertionFailedError"><![CDATA[org.opentest4j.AssertionFailedError: expected: <> but was: <null>
	at com.mycompany.online_medical_sales.beans.UserTest.testGetAddress(UserTest.java:185)
]]></failure>
    <system-out><![CDATA[getAddress
]]></system-out>
  </testcase>
  <testcase name="testFetchname" classname="com.mycompany.online_medical_sales.beans.UserTest" time="0.002">
    <error message="Cannot invoke &quot;java.util.ArrayList.iterator()&quot; because &quot;userList&quot; is null" type="java.lang.NullPointerException">java.lang.NullPointerException: Cannot invoke "java.util.ArrayList.iterator()" because "userList" is null
	at com.mycompany.online_medical_sales.beans.UserTest.testFetchname(UserTest.java:245)
</error>
    <system-out><![CDATA[fetchname
]]></system-out>
  </testcase>
  <testcase name="testGetName" classname="com.mycompany.online_medical_sales.beans.UserTest" time="0.002">
    <failure message="expected: &lt;&gt; but was: &lt;null&gt;" type="org.opentest4j.AssertionFailedError"><![CDATA[org.opentest4j.AssertionFailedError: expected: <> but was: <null>
	at com.mycompany.online_medical_sales.beans.UserTest.testGetName(UserTest.java:77)
]]></failure>
    <system-out><![CDATA[getName
]]></system-out>
  </testcase>
  <testcase name="testFetchemail" classname="com.mycompany.online_medical_sales.beans.UserTest" time="0.002">
    <error message="Cannot invoke &quot;java.util.ArrayList.iterator()&quot; because &quot;userList&quot; is null" type="java.lang.NullPointerException">java.lang.NullPointerException: Cannot invoke "java.util.ArrayList.iterator()" because "userList" is null
	at com.mycompany.online_medical_sales.beans.UserTest.testFetchemail(UserTest.java:229)
</error>
    <system-out><![CDATA[fetchemail
]]></system-out>
  </testcase>
  <testcase name="testFetchadd" classname="com.mycompany.online_medical_sales.beans.UserTest" time="0.002">
    <error message="Cannot invoke &quot;java.util.ArrayList.iterator()&quot; because &quot;userList&quot; is null" type="java.lang.NullPointerException">java.lang.NullPointerException: Cannot invoke "java.util.ArrayList.iterator()" because "userList" is null
	at com.mycompany.online_medical_sales.beans.UserTest.testFetchadd(UserTest.java:213)
</error>
    <system-out><![CDATA[fetchadd
]]></system-out>
  </testcase>
  <testcase name="testSetUsername" classname="com.mycompany.online_medical_sales.beans.UserTest" time="0.002">
    <failure message="The test case is a prototype." type="org.opentest4j.AssertionFailedError">org.opentest4j.AssertionFailedError: The test case is a prototype.
	at com.mycompany.online_medical_sales.beans.UserTest.testSetUsername(UserTest.java:146)
</failure>
    <system-out><![CDATA[setUsername
]]></system-out>
  </testcase>
  <testcase name="testSetAddress" classname="com.mycompany.online_medical_sales.beans.UserTest" time="0.004">
    <failure message="The test case is a prototype." type="org.opentest4j.AssertionFailedError">org.opentest4j.AssertionFailedError: The test case is a prototype.
	at com.mycompany.online_medical_sales.beans.UserTest.testSetAddress(UserTest.java:200)
</failure>
    <system-out><![CDATA[setAddress
]]></system-out>
  </testcase>
  <testcase name="testGetUsername" classname="com.mycompany.online_medical_sales.beans.UserTest" time="0.002">
    <failure message="expected: &lt;&gt; but was: &lt;null&gt;" type="org.opentest4j.AssertionFailedError"><![CDATA[org.opentest4j.AssertionFailedError: expected: <> but was: <null>
	at com.mycompany.online_medical_sales.beans.UserTest.testGetUsername(UserTest.java:131)
]]></failure>
    <system-out><![CDATA[getUsername
]]></system-out>
  </testcase>
  <testcase name="testSetName" classname="com.mycompany.online_medical_sales.beans.UserTest" time="0.003">
    <failure message="The test case is a prototype." type="org.opentest4j.AssertionFailedError">org.opentest4j.AssertionFailedError: The test case is a prototype.
	at com.mycompany.online_medical_sales.beans.UserTest.testSetName(UserTest.java:92)
</failure>
    <system-out><![CDATA[setName
]]></system-out>
  </testcase>
  <testcase name="testSetEmail" classname="com.mycompany.online_medical_sales.beans.UserTest" time="0.002">
    <failure message="The test case is a prototype." type="org.opentest4j.AssertionFailedError">org.opentest4j.AssertionFailedError: The test case is a prototype.
	at com.mycompany.online_medical_sales.beans.UserTest.testSetEmail(UserTest.java:119)
</failure>
    <system-out><![CDATA[setEmail
]]></system-out>
  </testcase>
</testsuite>