<?xml version="1.0" encoding="UTF-8"?>
<testsuite xmlns:xsi="http://www.w3.org/2001/XMLSchema-instance" xsi:noNamespaceSchemaLocation="https://maven.apache.org/surefire/maven-surefire-plugin/xsd/surefire-test-report-3.0.xsd" version="3.0" name="com.mycompany.online_medical_sales.beans.UserTest" time="0.145" tests="2" errors="0" skipped="0" failures="0">
  <properties>
[...]
</properties>
  <testcase name="testSetId" classname="com.mycompany.online_medical_sales.beans.UserTest" time="0.047">
    <system-out><![CDATA[setId
]]></system-out>
  </testcase>
  <testcase name="testSetUsername" classname="com.mycompany.online_medical_sales.beans.UserTest" time="0.003">
    <system-out><![CDATA[setUsername
]]></system-out>
  </testcase>
</testsuite>